  texture.cpp
  main_prac11new.cpp
  figuras.cpp
c:\users\donaji\documents\doceavosemestre\compu grafica\lab\practicas\jessy\prac_2\figuras.cpp(20): warning C4838: la conversión de 'double' en 'GLfloat' requiere una conversión de restricción
c:\users\donaji\documents\doceavosemestre\compu grafica\lab\practicas\jessy\prac_2\figuras.cpp(99): warning C4838: la conversión de 'double' en 'GLfloat' requiere una conversión de restricción
c:\users\donaji\documents\doceavosemestre\compu grafica\lab\practicas\jessy\prac_2\figuras.cpp(174): warning C4838: la conversión de 'double' en 'GLfloat' requiere una conversión de restricción
c:\users\donaji\documents\doceavosemestre\compu grafica\lab\practicas\jessy\prac_2\figuras.cpp(392): warning C4101: 'theta': variable local sin referencia
c:\users\donaji\documents\doceavosemestre\compu grafica\lab\practicas\jessy\prac_2\figuras.cpp(392): warning C4101: 'phi': variable local sin referencia
c:\users\donaji\documents\doceavosemestre\compu grafica\lab\practicas\jessy\prac_2\figuras.cpp(800): warning C4838: la conversión de 'double' en 'GLfloat' requiere una conversión de restricción
c:\users\donaji\documents\doceavosemestre\compu grafica\lab\practicas\jessy\prac_2\figuras.cpp(885): warning C4838: la conversión de 'double' en 'GLfloat' requiere una conversión de restricción
  Camera.cpp
  Generando código...
CModel.lib(_3dsloader.obj) : warning LNK4099: no se encontró PDB 'vc70.pdb' con 'CModel.lib(_3dsloader.obj)' o en 'C:\Users\DONAJI\Documents\doceavosemestre\compu grafica\lab\practicas\jessy\Debug\vc70.pdb'; se vinculará el objeto sin tener en cuenta información de depuración
CModel.lib(CModel.obj) : warning LNK4099: no se encontró PDB 'vc70.pdb' con 'CModel.lib(CModel.obj)' o en 'C:\Users\DONAJI\Documents\doceavosemestre\compu grafica\lab\practicas\jessy\Debug\vc70.pdb'; se vinculará el objeto sin tener en cuenta información de depuración
CModel.lib(CObject.obj) : warning LNK4099: no se encontró PDB 'vc70.pdb' con 'CModel.lib(CObject.obj)' o en 'C:\Users\DONAJI\Documents\doceavosemestre\compu grafica\lab\practicas\jessy\Debug\vc70.pdb'; se vinculará el objeto sin tener en cuenta información de depuración
CModel.lib(GFILoader.obj) : warning LNK4099: no se encontró PDB 'vc70.pdb' con 'CModel.lib(GFILoader.obj)' o en 'C:\Users\DONAJI\Documents\doceavosemestre\compu grafica\lab\practicas\jessy\Debug\vc70.pdb'; se vinculará el objeto sin tener en cuenta información de depuración
CModel.lib(GLRender.obj) : warning LNK4099: no se encontró PDB 'vc70.pdb' con 'CModel.lib(GLRender.obj)' o en 'C:\Users\DONAJI\Documents\doceavosemestre\compu grafica\lab\practicas\jessy\Debug\vc70.pdb'; se vinculará el objeto sin tener en cuenta información de depuración
CModel.lib(HandleStream.obj) : warning LNK4099: no se encontró PDB 'vc70.pdb' con 'CModel.lib(HandleStream.obj)' o en 'C:\Users\DONAJI\Documents\doceavosemestre\compu grafica\lab\practicas\jessy\Debug\vc70.pdb'; se vinculará el objeto sin tener en cuenta información de depuración
CModel.lib(imageload.obj) : warning LNK4099: no se encontró PDB 'vc70.pdb' con 'CModel.lib(imageload.obj)' o en 'C:\Users\DONAJI\Documents\doceavosemestre\compu grafica\lab\practicas\jessy\Debug\vc70.pdb'; se vinculará el objeto sin tener en cuenta información de depuración
CModel.lib(MATRIX4X4.obj) : warning LNK4099: no se encontró PDB 'vc70.pdb' con 'CModel.lib(MATRIX4X4.obj)' o en 'C:\Users\DONAJI\Documents\doceavosemestre\compu grafica\lab\practicas\jessy\Debug\vc70.pdb'; se vinculará el objeto sin tener en cuenta información de depuración
CModel.lib(VECTOR3D.obj) : warning LNK4099: no se encontró PDB 'vc70.pdb' con 'CModel.lib(VECTOR3D.obj)' o en 'C:\Users\DONAJI\Documents\doceavosemestre\compu grafica\lab\practicas\jessy\Debug\vc70.pdb'; se vinculará el objeto sin tener en cuenta información de depuración
CModel.lib(VECTOR4D.obj) : warning LNK4099: no se encontró PDB 'vc70.pdb' con 'CModel.lib(VECTOR4D.obj)' o en 'C:\Users\DONAJI\Documents\doceavosemestre\compu grafica\lab\practicas\jessy\Debug\vc70.pdb'; se vinculará el objeto sin tener en cuenta información de depuración
  prac_2.vcxproj -> C:\Users\DONAJI\Documents\doceavosemestre\compu grafica\lab\practicas\jessy\Debug\prac_2.exe
  prac_2.vcxproj -> C:\Users\DONAJI\Documents\doceavosemestre\compu grafica\lab\practicas\jessy\Debug\prac_2.pdb (Full PDB)
